Line 52: Class MSAdodcLib.Adodc of control login was not a loaded control class.
Line 57: The property name _ExtentX in login is invalid.
Line 58: The property name _ExtentY in login is invalid.
Line 59: The property name ConnectMode in login is invalid.
Line 60: The property name CursorLocation in login is invalid.
Line 61: The property name IsolationLevel in login is invalid.
Line 62: The property name ConnectionTimeout in login is invalid.
Line 63: The property name CommandTimeout in login is invalid.
Line 64: The property name CursorType in login is invalid.
Line 65: The property name LockType in login is invalid.
Line 66: The property name CommandType in login is invalid.
Line 67: The property name CursorOptions in login is invalid.
Line 68: The property name CacheSize in login is invalid.
Line 69: The property name MaxRecords in login is invalid.
Line 70: The property name BOFAction in login is invalid.
Line 71: The property name EOFAction in login is invalid.
Line 72: The property name ConnectStringType in login is invalid.
Line 76: The property name Orientation in login is invalid.
Line 78: The property name Connect in login is invalid.
Line 79: The property name OLEDBString in login is invalid.
Line 80: The property name OLEDBFile in login is invalid.
Line 81: The property name DataSourceName in login is invalid.
Line 82: The property name OtherAttributes in login is invalid.
Line 83: The property name UserName in login is invalid.
Line 84: The property name Password in login is invalid.
Line 85: The property name RecordSource in login is invalid.
Line 86: The property name Caption in login is invalid.
Line 96: The property name _Version in login is invalid.
Line 57: The property name _ExtentX in login is invalid.
Line 58: The property name _ExtentY in login is invalid.
Line 59: The property name ConnectMode in login is invalid.
Line 60: The property name CursorLocation in login is invalid.
Line 61: The property name IsolationLevel in login is invalid.
Line 62: The property name ConnectionTimeout in login is invalid.
Line 63: The property name CommandTimeout in login is invalid.
Line 64: The property name CursorType in login is invalid.
Line 65: The property name LockType in login is invalid.
Line 66: The property name CommandType in login is invalid.
Line 67: The property name CursorOptions in login is invalid.
Line 68: The property name CacheSize in login is invalid.
Line 69: The property name MaxRecords in login is invalid.
Line 70: The property name BOFAction in login is invalid.
Line 71: The property name EOFAction in login is invalid.
Line 72: The property name ConnectStringType in login is invalid.
Line 76: The property name Orientation in login is invalid.
Line 78: The property name Connect in login is invalid.
Line 79: The property name OLEDBString in login is invalid.
Line 80: The property name OLEDBFile in login is invalid.
Line 81: The property name DataSourceName in login is invalid.
Line 82: The property name OtherAttributes in login is invalid.
Line 83: The property name UserName in login is invalid.
Line 84: The property name Password in login is invalid.
Line 85: The property name RecordSource in login is invalid.
Line 86: The property name Caption in login is invalid.
Line 96: The property name _Version in login is invalid.
Line 57: The property name _ExtentX in login is invalid.
Line 58: The property name _ExtentY in login is invalid.
Line 59: The property name ConnectMode in login is invalid.
Line 60: The property name CursorLocation in login is invalid.
Line 61: The property name IsolationLevel in login is invalid.
Line 62: The property name ConnectionTimeout in login is invalid.
Line 63: The property name CommandTimeout in login is invalid.
Line 64: The property name CursorType in login is invalid.
Line 65: The property name LockType in login is invalid.
Line 66: The property name CommandType in login is invalid.
Line 67: The property name CursorOptions in login is invalid.
Line 68: The property name CacheSize in login is invalid.
Line 69: The property name MaxRecords in login is invalid.
Line 70: The property name BOFAction in login is invalid.
Line 71: The property name EOFAction in login is invalid.
Line 72: The property name ConnectStringType in login is invalid.
Line 76: The property name Orientation in login is invalid.
Line 78: The property name Connect in login is invalid.
Line 79: The property name OLEDBString in login is invalid.
Line 80: The property name OLEDBFile in login is invalid.
Line 81: The property name DataSourceName in login is invalid.
Line 82: The property name OtherAttributes in login is invalid.
Line 83: The property name UserName in login is invalid.
Line 84: The property name Password in login is invalid.
Line 85: The property name RecordSource in login is invalid.
Line 86: The property name Caption in login is invalid.
Line 96: The property name _Version in login is invalid.
